<?xml version="1.0" encoding="UTF-8"?>
<!-- Generated by org.testng.reporters.JUnitXMLReporter -->
<testsuite hostname="LAPTOP-PDT2HLRG" ignored="0" name="Test" tests="3" failures="0" timestamp="2020-02-21T09:20:53 GMT+03:00" time="51.546" errors="0">
  <testcase name="executSessionOne" time="16.794" classname="firsttestngpackage.MultipleExecution"/>
  <testcase name="executSessionThree" time="15.314" classname="firsttestngpackage.MultipleExecution"/>
  <testcase name="executeSessionTwo" time="17.516" classname="firsttestngpackage.MultipleExecution"/>
</testsuite> <!-- Test -->
